C:\orangec\src\oimplib\Release\cl.command.1.tlog
C:\orangec\src\oimplib\Release\CL.read.1.tlog
C:\orangec\src\oimplib\Release\CL.write.1.tlog
C:\ORANGEC\SRC\OIMPLIB\RELEASE\DEFFILE.OBJ
C:\ORANGEC\SRC\OIMPLIB\RELEASE\DLLEXPORTREADER.OBJ
C:\ORANGEC\SRC\OIMPLIB\RELEASE\IMPLIBMAIN.OBJ
C:\ORANGEC\SRC\OIMPLIB\RELEASE\LIBDICTIONARYLIBRARIAN.OBJ
C:\ORANGEC\SRC\OIMPLIB\RELEASE\LIBDICTIONARYLINKER.OBJ
C:\ORANGEC\SRC\OIMPLIB\RELEASE\LIBFILESLIBRARIAN.OBJ
C:\ORANGEC\SRC\OIMPLIB\RELEASE\LIBFILESLINKER.OBJ
C:\ORANGEC\SRC\OIMPLIB\RELEASE\LIBMANAGERLIBRARIAN.OBJ
C:\ORANGEC\SRC\OIMPLIB\RELEASE\LIBMANAGERLINKER.OBJ
C:\orangec\src\oimplib\Release\link.command.1.tlog
C:\orangec\src\oimplib\Release\link.read.1.tlog
C:\orangec\src\oimplib\Release\link.write.1.tlog
C:\orangec\src\oimplib\Release\mt.command.1.tlog
C:\orangec\src\oimplib\Release\mt.read.1.tlog
C:\orangec\src\oimplib\Release\mt.write.1.tlog
C:\ORANGEC\SRC\OIMPLIB\RELEASE\OIMPLIB.EXE.INTERMEDIATE.MANIFEST
C:\orangec\src\oimplib\Release\oimplib.write.1.tlog
C:\ORANGEC\SRC\OIMPLIB\RELEASE\VC100.PDB
C:\ORANGEC\SRC\RELEASE\OIMPLIB.EXE
C:\ORANGEC\SRC\RELEASE\OIMPLIB.PDB
