C:\ORANGEC\SRC\DEBUG\OBRC.EXE
C:\ORANGEC\SRC\DEBUG\OBRC.ILK
C:\ORANGEC\SRC\DEBUG\OBRC.PDB
C:\ORANGEC\SRC\OBRC\DEBUG\BRCDICTIONARY.OBJ
C:\ORANGEC\SRC\OBRC\DEBUG\BRCLOADER.OBJ
C:\ORANGEC\SRC\OBRC\DEBUG\BRCMAIN.OBJ
C:\ORANGEC\SRC\OBRC\DEBUG\BRCWRITER.OBJ
C:\orangec\src\obrc\Debug\cl.command.1.tlog
C:\orangec\src\obrc\Debug\CL.read.1.tlog
C:\orangec\src\obrc\Debug\CL.write.1.tlog
C:\orangec\src\obrc\Debug\link.980.read.1.tlog
C:\orangec\src\obrc\Debug\link.980.write.1.tlog
C:\orangec\src\obrc\Debug\link.980-cvtres.read.1.tlog
C:\orangec\src\obrc\Debug\link.980-cvtres.write.1.tlog
C:\orangec\src\obrc\Debug\link.command.1.tlog
C:\orangec\src\obrc\Debug\link.read.1.tlog
C:\orangec\src\obrc\Debug\link.write.1.tlog
C:\orangec\src\obrc\Debug\link-cvtres.read.1.tlog
C:\orangec\src\obrc\Debug\link-cvtres.write.1.tlog
C:\orangec\src\obrc\Debug\mt.command.1.tlog
C:\orangec\src\obrc\Debug\mt.read.1.tlog
C:\orangec\src\obrc\Debug\mt.write.1.tlog
C:\ORANGEC\SRC\OBRC\DEBUG\OBRC.EXE.EMBED.MANIFEST
C:\ORANGEC\SRC\OBRC\DEBUG\OBRC.EXE.EMBED.MANIFEST.RES
C:\ORANGEC\SRC\OBRC\DEBUG\OBRC.EXE.INTERMEDIATE.MANIFEST
C:\orangec\src\obrc\Debug\obrc.write.1.tlog
C:\orangec\src\obrc\Debug\obrc_manifest.rc
C:\orangec\src\obrc\Debug\rc.command.1.tlog
C:\orangec\src\obrc\Debug\rc.read.1.tlog
C:\orangec\src\obrc\Debug\rc.write.1.tlog
C:\ORANGEC\SRC\OBRC\DEBUG\SQLITE3.OBJ
C:\orangec\src\obrc\Debug\vc100.idb
C:\ORANGEC\SRC\OBRC\DEBUG\VC100.PDB
