C:\ORANGEC\SRC\DEBUG\OIMPLIB.EXE
C:\ORANGEC\SRC\DEBUG\OIMPLIB.ILK
C:\ORANGEC\SRC\DEBUG\OIMPLIB.PDB
C:\orangec\src\oimplib\Debug\cl.command.1.tlog
C:\orangec\src\oimplib\Debug\CL.read.1.tlog
C:\orangec\src\oimplib\Debug\CL.write.1.tlog
C:\ORANGEC\SRC\OIMPLIB\DEBUG\DEFFILE.OBJ
C:\ORANGEC\SRC\OIMPLIB\DEBUG\DLLEXPORTREADER.OBJ
C:\ORANGEC\SRC\OIMPLIB\DEBUG\IMPLIBMAIN.OBJ
C:\ORANGEC\SRC\OIMPLIB\DEBUG\LIBDICTIONARYLIBRARIAN.OBJ
C:\ORANGEC\SRC\OIMPLIB\DEBUG\LIBDICTIONARYLINKER.OBJ
C:\ORANGEC\SRC\OIMPLIB\DEBUG\LIBFILESLIBRARIAN.OBJ
C:\ORANGEC\SRC\OIMPLIB\DEBUG\LIBFILESLINKER.OBJ
C:\ORANGEC\SRC\OIMPLIB\DEBUG\LIBMANAGERLIBRARIAN.OBJ
C:\ORANGEC\SRC\OIMPLIB\DEBUG\LIBMANAGERLINKER.OBJ
C:\orangec\src\oimplib\Debug\link.1884.read.1.tlog
C:\orangec\src\oimplib\Debug\link.1884.write.1.tlog
C:\orangec\src\oimplib\Debug\link.1884-cvtres.read.1.tlog
C:\orangec\src\oimplib\Debug\link.1884-cvtres.write.1.tlog
C:\orangec\src\oimplib\Debug\link.command.1.tlog
C:\orangec\src\oimplib\Debug\link.read.1.tlog
C:\orangec\src\oimplib\Debug\link.write.1.tlog
C:\orangec\src\oimplib\Debug\link-cvtres.read.1.tlog
C:\orangec\src\oimplib\Debug\link-cvtres.write.1.tlog
C:\orangec\src\oimplib\Debug\mt.command.1.tlog
C:\orangec\src\oimplib\Debug\mt.read.1.tlog
C:\orangec\src\oimplib\Debug\mt.write.1.tlog
C:\ORANGEC\SRC\OIMPLIB\DEBUG\OIMPLIB.EXE.EMBED.MANIFEST
C:\ORANGEC\SRC\OIMPLIB\DEBUG\OIMPLIB.EXE.EMBED.MANIFEST.RES
C:\ORANGEC\SRC\OIMPLIB\DEBUG\OIMPLIB.EXE.INTERMEDIATE.MANIFEST
C:\orangec\src\oimplib\Debug\oimplib.write.1.tlog
C:\orangec\src\oimplib\Debug\oimplib_manifest.rc
C:\orangec\src\oimplib\Debug\rc.command.1.tlog
C:\orangec\src\oimplib\Debug\rc.read.1.tlog
C:\orangec\src\oimplib\Debug\rc.write.1.tlog
C:\orangec\src\oimplib\Debug\vc100.idb
C:\ORANGEC\SRC\OIMPLIB\DEBUG\VC100.PDB
