advapi32.def
avicap32.def
avifil32.def
comctl32.def
comdlg32.def
ctl3d32.def
gdi32.def
gdiplus.def
glu32.def
imagehlp.def
imm32.def
kernel32.def
lz32.def
mapi32.def
mfcuia32.def
mgmtapi.def
mpr.def
msacm32.def
msimg32.def
msvfw32.def
netapi32.def
odbc32.def
odbccp32.def
ole32.def
oleaut32.def
opengl32.def
pkpd32.def
rasapi32.def
rpcns4.def
rpcrt4.def
shell32.def
shfolder.def
tapi32.def
url.def
urlmon.def
user32.def
uxtheme.def
vdmdbg.def
version.def
wininet.def
winmm.def
winspool.def
wow32.def
wsock32.def
