xccImgColor2:WM_NCCREATE:129:0:3FDEB8
xccImgColor2:WM_NCCALCSIZE:131:0:3FDEA4
xccImgColor2:WM_CREATE:1:0:3FDEB8
xccImgColor2:WM_NOTIFYFORMAT:85:10290476:3
xccImgColor2:UNKNOWN:297:0:0
xccImgColor2:WM_PARENTNOTIFY:528:6684673:9D052C
xccImgColor2:WM_NOTIFY:78:102:3FD678   Notify:ffffffea:102
xccImgColor2:WM_SIZE:5:0:0
xccImgColor2:WM_MOVE:3:0:0
xccImgColor2:WM_SHOWWINDOW:24:1:0
xccImgColor2:WM_WINDOWPOSCHANGING:70:0:3FE2CC
xccImgColor2:WM_NCCALCSIZE:131:1:3FE2A4
xccImgColor2:WM_WINDOWPOSCHANGED:71:0:3FE2CC
xccImgColor2:WM_MOVE:3:0:D3
xccImgColor2:WM_SIZE:5:0:2400F2
xccImgColor2:WM_WINDOWPOSCHANGING:70:0:3FE38C
xccImgColor2:WM_WINDOWPOSCHANGING:70:0:3FE2AC
xccImgColor2:WM_PAINT:15:0:0
xccImgColor2:WM_NCPAINT:133:1:0
xccImgColor2:WM_ERASEBKGND:20:1124142299:0
xccImgColor2:WM_ERASEBKGND:20:-167704018:0
xccImgColor2:WM_NOTIFY:78:102:3FF4A0   Notify:fffffff4:102
xccImgColor2:WM_NOTIFY:78:102:3FF364   Notify:fffffff4:102
xccImgColor2:WM_NOTIFY:78:102:3FF364   Notify:fffffff4:102
xccImgColor2:WM_NOTIFY:78:102:3FF364   Notify:fffffff4:102
xccImgColor2:WM_NOTIFY:78:102:3FF364   Notify:fffffff4:102
xccImgColor2:WM_NOTIFY:78:102:3FF364   Notify:fffffff4:102
xccImgColor2:WM_NOTIFY:78:102:3FF364   Notify:fffffff4:102
xccImgColor2:WM_NOTIFY:78:102:3FF364   Notify:fffffff4:102
xccImgColor2:WM_NOTIFY:78:102:3FF364   Notify:fffffff4:102
xccImgColor2:WM_NOTIFY:78:102:3FF364   Notify:fffffff4:102
xccImgColor2:WM_NOTIFY:78:102:3FF364   Notify:fffffff4:102
xccImgColor2:WM_NOTIFY:78:102:3FF364   Notify:fffffff4:102
xccImgColor2:WM_NOTIFY:78:102:3FF364   Notify:fffffff4:102
xccImgColor2:WM_NOTIFY:78:102:3FF364   Notify:fffffff4:102
xccImgColor2:WM_NOTIFY:78:102:3FF364   Notify:fffffff4:102
xccImgColor2:WM_NOTIFY:78:102:3FF364   Notify:fffffff4:102
xccImgColor2:WM_NOTIFY:78:102:3FF364   Notify:fffffff4:102
xccImgColor2:WM_NOTIFY:78:102:3FF364   Notify:fffffff4:102
xccImgColor2:WM_NOTIFY:78:102:3FF364   Notify:fffffff4:102
xccImgColor2:WM_NOTIFY:78:102:3FF364   Notify:fffffff4:102
xccImgColor2:WM_NOTIFY:78:102:3FF364   Notify:fffffff4:102
xccImgColor2:WM_NOTIFY:78:102:3FF364   Notify:fffffff4:102
xccImgColor2:WM_NOTIFY:78:102:3FF364   Notify:fffffff4:102
xccImgColor2:WM_NOTIFY:78:102:3FF364   Notify:fffffff4:102
xccImgColor2:WM_NOTIFY:78:102:3FF364   Notify:fffffff4:102
xccImgColor2:WM_NOTIFY:78:102:3FF364   Notify:fffffff4:102
xccImgColor2:WM_NOTIFY:78:102:3FF364   Notify:fffffff4:102
xccImgColor2:WM_NOTIFY:78:102:3FF364   Notify:fffffff4:102
xccImgColor2:WM_NOTIFY:78:102:3FF364   Notify:fffffff4:102
xccImgColor2:WM_NCCREATE:129:0:3FDEB8
xccImgColor2:WM_NCCALCSIZE:131:0:3FDEA4
xccImgColor2:WM_CREATE:1:0:3FDEB8
xccImgColor2:WM_NOTIFYFORMAT:85:13042504:3
xccImgColor2:UNKNOWN:297:0:0
xccImgColor2:WM_PARENTNOTIFY:528:6684673:C70348
xccImgColor2:WM_NOTIFY:78:102:3FD678   Notify:ffffffea:102
xccImgColor2:WM_SIZE:5:0:0
xccImgColor2:WM_MOVE:3:0:0
xccImgColor2:WM_SHOWWINDOW:24:1:0
xccImgColor2:WM_WINDOWPOSCHANGING:70:0:3FE2CC
xccImgColor2:WM_NCCALCSIZE:131:1:3FE2A4
xccImgColor2:WM_WINDOWPOSCHANGED:71:0:3FE2CC
xccImgColor2:WM_MOVE:3:0:D3
xccImgColor2:WM_SIZE:5:0:240015
xccImgColor2:WM_WINDOWPOSCHANGING:70:0:3FE38C
xccImgColor2:WM_WINDOWPOSCHANGING:70:0:3FE2AC
xccImgColor2:WM_PAINT:15:0:0
xccImgColor2:WM_NCPAINT:133:1:0
xccImgColor2:WM_ERASEBKGND:20:-1140780762:0
xccImgColor2:WM_ERASEBKGND:20:-100595154:0
xccImgColor2:WM_NOTIFY:78:102:3FF4A0   Notify:fffffff4:102
xccImgColor2:WM_NOTIFY:78:102:3FF364   Notify:fffffff4:102
xccImgColor2:WM_NOTIFY:78:102:3FF364   Notify:fffffff4:102
xccImgColor2:WM_PAINT:15:0:0
xccImgColor2:WM_NCPAINT:133:1:0
xccImgColor2:WM_ERASEBKGND:20:-771683540:0
xccImgColor2:WM_ERASEBKGND:20:-67040722:0
xccImgColor2:WM_NOTIFY:78:102:3FF4A0   Notify:fffffff4:102
xccImgColor2:WM_NOTIFY:78:102:3FF364   Notify:fffffff4:102
xccImgColor2:WM_NOTIFY:78:102:3FF364   Notify:fffffff4:102
xccImgColor2:WM_PAINT:15:0:0
xccImgColor2:WM_NCPAINT:133:1:0
xccImgColor2:WM_ERASEBKGND:20:1124139491:0
xccImgColor2:WM_ERASEBKGND:20:-33486290:0
xccImgColor2:WM_NOTIFY:78:102:3FF4A0   Notify:fffffff4:102
xccImgColor2:WM_NOTIFY:78:102:3FF364   Notify:fffffff4:102
xccImgColor2:WM_NOTIFY:78:102:3FF364   Notify:fffffff4:102
xccImgColor2:UNKNOWN:144:0:0
xccImgColor2:WM_SHOWWINDOW:24:0:0
xccImgColor2:WM_DESTROY:2:0:0
xccImgColor2:WM_PARENTNOTIFY:528:6684674:9D052C
xccImgColor2:WM_NCDESTROY:130:0:0
xccImgColor2:UNKNOWN:144:0:0
xccImgColor2:WM_SHOWWINDOW:24:0:0
xccImgColor2:WM_DESTROY:2:0:0
xccImgColor2:WM_PARENTNOTIFY:528:6684674:C70348
xccImgColor2:WM_NCDESTROY:130:0:0
